<?xml version="1.0" encoding="UTF-8"?>
<!-- Generated by org.testng.reporters.JUnitXMLReporter -->
<testsuite ignored="1" hostname="DESKTOP-8IT651I" failures="0" tests="1" name="Default test" time="6.999" errors="0" timestamp="2022-05-22T16:49:40 IST">
  <testcase classname="demo_extent.TestClassUsingListers" name="SGL_Search_1" time="0.266"/>
  <testcase classname="demo_extent.TestClassUsingListers" name="test1" time="0.0">
    <ignored/>
  </testcase> <!-- test1 -->
</testsuite> <!-- Default test -->
